<?xml version="1.0" encoding="UTF-8"?>
<!-- Generated by org.testng.reporters.JUnitXMLReporter -->
<testsuite hostname="DESKTOP-P2G0985" ignored="0" name="TestForChrome" tests="3" failures="0" timestamp="14 Jul 2018 14:54:09 GMT" time="225.146" errors="0">
  <testcase name="checkoutTest" time="45.363" classname="com.hellofresh.challenge.WebTest"/>
  <testcase name="logInTest" time="9.998" classname="com.hellofresh.challenge.WebTest"/>
  <testcase name="signInTest" time="11.674" classname="com.hellofresh.challenge.WebTest"/>
</testsuite> <!-- TestForChrome -->
